2025-05-21 10:31:37 - Script başladı
2025-05-21 10:31:38 - CURL hatası: SSL certificate problem: unable to get local issuer certificate
2025-05-21 10:31:38 - JSON decode hatası. Gelen veri:

2025-05-21 10:31:38 - Toplam etkinlik: 0
2025-05-21 10:31:38 - Hiçbir etkinlik gösterilmedi.
2025-05-21 10:31:38 - Script başladı
2025-05-21 10:31:39 - CURL hatası: SSL certificate problem: unable to get local issuer certificate
2025-05-21 10:31:39 - JSON decode hatası. Gelen veri:

2025-05-21 10:31:39 - Toplam etkinlik: 0
2025-05-21 10:31:39 - Hiçbir etkinlik gösterilmedi.
2025-05-21 10:32:07 - Script başladı
2025-05-21 10:32:07 - CURL hatası: SSL certificate problem: unable to get local issuer certificate
2025-05-21 10:32:07 - JSON decode hatası. Gelen veri:

2025-05-21 10:32:07 - Toplam etkinlik: 0
2025-05-21 10:32:07 - Hiçbir etkinlik gösterilmedi.
2025-05-21 10:32:07 - Script başladı
2025-05-21 10:32:08 - CURL hatası: SSL certificate problem: unable to get local issuer certificate
2025-05-21 10:32:08 - JSON decode hatası. Gelen veri:

2025-05-21 10:32:08 - Toplam etkinlik: 0
2025-05-21 10:32:08 - Hiçbir etkinlik gösterilmedi.
2025-05-21 10:32:14 - Script başladı
2025-05-21 10:32:14 - CURL hatası: SSL certificate problem: unable to get local issuer certificate
2025-05-21 10:32:14 - JSON decode hatası. Gelen veri:

2025-05-21 10:32:14 - Toplam etkinlik: 0
2025-05-21 10:32:14 - Hiçbir etkinlik gösterilmedi.
2025-05-21 10:32:15 - Script başladı
2025-05-21 10:32:15 - CURL hatası: SSL certificate problem: unable to get local issuer certificate
2025-05-21 10:32:15 - JSON decode hatası. Gelen veri:

2025-05-21 10:32:15 - Toplam etkinlik: 0
2025-05-21 10:32:15 - Hiçbir etkinlik gösterilmedi.
2025-05-21 10:32:24 - Script başladı
2025-05-21 10:32:24 - CURL hatası: SSL certificate problem: unable to get local issuer certificate
2025-05-21 10:32:24 - JSON decode hatası. Gelen veri:

2025-05-21 10:32:24 - Toplam etkinlik: 0
2025-05-21 10:32:24 - Hiçbir etkinlik gösterilmedi.
2025-05-21 10:32:24 - Script başladı
2025-05-21 10:32:24 - CURL hatası: SSL certificate problem: unable to get local issuer certificate
2025-05-21 10:32:24 - JSON decode hatası. Gelen veri:

2025-05-21 10:32:24 - Toplam etkinlik: 0
2025-05-21 10:32:24 - Hiçbir etkinlik gösterilmedi.
2025-05-21 10:36:21 - Script başladı
2025-05-21 10:36:22 - API'den veri alındı
2025-05-21 10:36:22 - Toplam etkinlik: 12
2025-05-21 10:36:23 - Script başladı
2025-05-21 10:36:24 - API'den veri alındı
2025-05-21 10:36:24 - Toplam etkinlik: 12
2025-05-21 10:39:46 - Script başladı
2025-05-21 10:39:47 - API'den veri alındı
2025-05-21 10:39:47 - Toplam etkinlik: 12
2025-05-21 10:39:48 - Script başladı
2025-05-21 10:39:49 - API'den veri alındı
2025-05-21 10:39:49 - Toplam etkinlik: 12
2025-05-21 10:39:51 - Script başladı
2025-05-21 10:39:53 - API'den veri alındı
2025-05-21 10:39:53 - Toplam etkinlik: 12
2025-05-21 10:39:53 - Script başladı
2025-05-21 10:39:59 - API'den veri alındı
2025-05-21 10:39:59 - Toplam etkinlik: 12
2025-05-21 10:39:59 - Script başladı
2025-05-21 10:39:59 - API'den veri alındı
2025-05-21 10:39:59 - Toplam etkinlik: 12
2025-05-21 10:40:00 - Script başladı
2025-05-21 10:40:00 - API'den veri alındı
2025-05-21 10:40:00 - Toplam etkinlik: 12
2025-05-21 10:40:12 - Script başladı
2025-05-21 10:40:13 - API'den veri alındı
2025-05-21 10:40:13 - Toplam etkinlik: 12
2025-05-21 10:40:13 - Script başladı
2025-05-21 10:40:14 - API'den veri alındı
2025-05-21 10:40:14 - Toplam etkinlik: 12
2025-05-21 10:42:08 - Script başladı
2025-05-21 10:42:09 - API'den veri alındı
2025-05-21 10:42:09 - Toplam etkinlik: 12
2025-05-21 10:42:09 - Script başladı
2025-05-21 10:42:11 - API'den veri alındı
2025-05-21 10:42:11 - Toplam etkinlik: 12
2025-05-21 10:45:27 - Script başladı
2025-05-21 10:45:28 - API'den veri alındı
2025-05-21 10:45:28 - Toplam etkinlik: 12
2025-05-21 10:45:28 - Script başladı
2025-05-21 10:45:29 - API'den veri alındı
2025-05-21 10:45:29 - Toplam etkinlik: 12
2025-05-21 10:48:46 - Script started
2025-05-21 10:48:47 - API data retrieved
2025-05-21 10:48:47 - Total events: 12
2025-05-21 10:48:47 - Script started
2025-05-21 10:48:48 - API data retrieved
2025-05-21 10:48:48 - Total events: 12
2025-05-21 10:49:13 - Script started
2025-05-21 10:49:14 - API data retrieved
2025-05-21 10:49:14 - Total events: 12
2025-05-21 10:49:14 - Script started
2025-05-21 10:49:15 - API data retrieved
2025-05-21 10:49:15 - Total events: 12
2025-05-21 10:49:26 - Script started
2025-05-21 10:49:27 - API data retrieved
2025-05-21 10:49:27 - Total events: 12
2025-05-21 10:49:28 - Script started
2025-05-21 10:49:29 - API data retrieved
2025-05-21 10:49:29 - Total events: 12
2025-05-21 10:55:26 - Script started
2025-05-21 10:55:27 - API data retrieved
2025-05-21 10:55:27 - Total events: 12
2025-05-21 10:55:28 - Script started
2025-05-21 10:55:28 - API data retrieved
2025-05-21 10:55:28 - Total events: 12
2025-05-21 10:55:43 - Script started
2025-05-21 10:55:44 - API data retrieved
2025-05-21 10:55:44 - Total events: 12
2025-05-21 10:55:44 - Script started
2025-05-21 10:55:45 - API data retrieved
2025-05-21 10:55:45 - Total events: 12
2025-05-21 10:56:22 - Script started
2025-05-21 10:56:27 - API data retrieved
2025-05-21 10:56:27 - Total events: 12
2025-05-21 10:56:27 - Script started
2025-05-21 10:56:28 - API data retrieved
2025-05-21 10:56:28 - Total events: 12
